==> Starting Consul agent...
               Version: '1.21.4'
            Build Date: '2025-08-13 12:03:12 +0000 UTC'
               Node ID: 'f3fbcd75-06e5-00cf-b1f9-7f040617b04e'
             Node name: 'wangs'
            Datacenter: 'dc1' (Segment: '<all>')
                Server: true (Bootstrap: false)
           Client Addr: [127.0.0.1] (HTTP: 8500, HTTPS: -1, gRPC: 8502, gRPC-TLS: 8503, DNS: 8600)
          Cluster Addr: 127.0.0.1 (LAN: 8301, WAN: 8302)
     Gossip Encryption: false
      Auto-Encrypt-TLS: false
           ACL Enabled: false
     Reporting Enabled: false
    ACL Default Policy: allow
             HTTPS TLS: Verify Incoming: false, Verify Outgoing: false, Min Version: TLSv1_2
              gRPC TLS: Verify Incoming: false, Min Version: TLSv1_2
      Internal RPC TLS: Verify Incoming: false, Verify Outgoing: false (Verify Hostname: false), Min Version: TLSv1_2

==> Log data will now stream in as it occurs:

2025-09-20T14:48:00.098+0600 [DEBUG] agent.grpc.balancer: switching server: target=consul://dc1.f3fbcd75-06e5-00cf-b1f9-7f040617b04e/server.dc1 from=<none> to=<none>
2025-09-20T14:48:00.101+0600 [INFO]  agent.server: shutting down server
2025-09-20T14:48:00.101+0600 [ERROR] agent: Error starting agent: error="Failed to start Consul server: Failed to start RPC layer: listen tcp 127.0.0.1:8300: bind: address already in use"
2025-09-20T14:48:00.101+0600 [INFO]  agent: Exit code: code=1
